2021-07-19 13:03:00.539 INFO [main] [DeleteTempFile:32] - DeleteTempFile Module Start
2021-07-19 13:03:00.628 INFO [main] [DeleteTempFile:42] - Delete Avatar Temporary Files
2021-07-19 13:03:00.629 INFO [main] [DeleteTempFile:48] - Delete General Temporary Files
2021-07-19 13:03:00.630 INFO [main] [DeleteTempFile:54] - Delete db_file_loc
2021-07-19 13:03:00.810 INFO [main] [DeleteTempFile:65] - DeleteTempFile Module End
2021-07-19 16:03:00.450 INFO [main] [DeleteTempFile:32] - DeleteTempFile Module Start
2021-07-19 16:03:00.522 INFO [main] [DeleteTempFile:42] - Delete Avatar Temporary Files
2021-07-19 16:03:00.522 INFO [main] [DeleteTempFile:48] - Delete General Temporary Files
2021-07-19 16:03:00.523 INFO [main] [DeleteTempFile:54] - Delete db_file_loc
2021-07-19 16:03:00.744 INFO [main] [DeleteTempFile:65] - DeleteTempFile Module End
2021-07-19 16:34:35.853 INFO [main] [DeleteTempFile:32] - DeleteTempFile Module Start
2021-07-19 16:34:35.987 INFO [main] [DeleteTempFile:42] - Delete Avatar Temporary Files
2021-07-19 16:34:35.988 INFO [main] [DeleteTempFile:48] - Delete General Temporary Files
2021-07-19 16:34:35.989 INFO [main] [DeleteTempFile:54] - Delete db_file_loc
2021-07-19 16:34:36.224 INFO [main] [DeleteTempFile:65] - DeleteTempFile Module End
2021-07-19 16:40:35.778 INFO [main] [DeleteTempFile:32] - DeleteTempFile Module Start
2021-07-19 16:40:35.882 INFO [main] [DeleteTempFile:42] - Delete Avatar Temporary Files
2021-07-19 16:40:35.883 INFO [main] [DeleteTempFile:48] - Delete General Temporary Files
2021-07-19 16:40:35.884 INFO [main] [DeleteTempFile:54] - Delete db_file_loc
2021-07-19 16:40:36.105 INFO [main] [DeleteTempFile:65] - DeleteTempFile Module End
2021-07-19 16:42:50.910 INFO [main] [DeleteTempFile:32] - DeleteTempFile Module Start
2021-07-19 16:42:51.043 INFO [main] [DeleteTempFile:42] - Delete Avatar Temporary Files
2021-07-19 16:42:51.044 INFO [main] [DeleteTempFile:48] - Delete General Temporary Files
2021-07-19 16:42:51.045 INFO [main] [DeleteTempFile:54] - Delete db_file_loc
2021-07-19 16:42:51.282 INFO [main] [DeleteTempFile:65] - DeleteTempFile Module End
2021-07-19 16:48:50.861 INFO [main] [DeleteTempFile:32] - DeleteTempFile Module Start
2021-07-19 16:48:50.982 INFO [main] [DeleteTempFile:42] - Delete Avatar Temporary Files
2021-07-19 16:48:50.983 INFO [main] [DeleteTempFile:48] - Delete General Temporary Files
2021-07-19 16:48:50.984 INFO [main] [DeleteTempFile:54] - Delete db_file_loc
2021-07-19 16:48:51.247 INFO [main] [DeleteTempFile:65] - DeleteTempFile Module End
2021-07-19 16:54:50.861 INFO [main] [DeleteTempFile:32] - DeleteTempFile Module Start
2021-07-19 16:54:50.979 INFO [main] [DeleteTempFile:42] - Delete Avatar Temporary Files
2021-07-19 16:54:50.980 INFO [main] [DeleteTempFile:48] - Delete General Temporary Files
2021-07-19 16:54:50.981 INFO [main] [DeleteTempFile:54] - Delete db_file_loc
2021-07-19 16:54:51.182 INFO [main] [DeleteTempFile:65] - DeleteTempFile Module End
2021-07-19 16:56:51.508 INFO [main] [DeleteTempFile:32] - DeleteTempFile Module Start
2021-07-19 16:56:51.611 INFO [main] [DeleteTempFile:42] - Delete Avatar Temporary Files
2021-07-19 16:56:51.612 INFO [main] [DeleteTempFile:48] - Delete General Temporary Files
2021-07-19 16:56:51.613 INFO [main] [DeleteTempFile:54] - Delete db_file_loc
2021-07-19 16:56:51.856 INFO [main] [DeleteTempFile:65] - DeleteTempFile Module End
2021-07-19 17:02:51.408 INFO [main] [DeleteTempFile:32] - DeleteTempFile Module Start
2021-07-19 17:02:51.510 INFO [main] [DeleteTempFile:42] - Delete Avatar Temporary Files
2021-07-19 17:02:51.511 INFO [main] [DeleteTempFile:48] - Delete General Temporary Files
2021-07-19 17:02:51.512 INFO [main] [DeleteTempFile:54] - Delete db_file_loc
2021-07-19 17:02:51.737 INFO [main] [DeleteTempFile:65] - DeleteTempFile Module End
